<?xml version="1.0" encoding="UTF-8" ?>
<testsuites>
  <testsuite errors="0" failures="0" hostname="hiro-kun" id="0" name="QuoteServiceIntegrationTests" package="projectg" tests="1" time="0.377" timestamp="2012-02-18T15:12:52">
      <properties />

      <testcase classname="projectg.QuoteServiceIntegrationTests" name="testStaticQuote" time="0.374" />

      <system-out><![CDATA[--Output from testStaticQuote--
]]></system-out>

      <system-err><![CDATA[--Output from testStaticQuote--
]]></system-err>

  </testsuite>
  <testsuite errors="0" failures="0" hostname="hiro-kun" id="1" name="QuoteControllerTests" package="projectg" tests="1" time="4.206" timestamp="2012-02-18T15:12:26">
      <properties />

      <testcase classname="projectg.QuoteControllerTests" name="testSomething" time="3.758" />

      <system-out><![CDATA[--Output from testSomething--
]]></system-out>

      <system-err><![CDATA[--Output from testSomething--
]]></system-err>

  </testsuite>
  <testsuite errors="0" failures="0" hostname="hiro-kun" id="2" name="QuoteServiceTests" package="projectg" tests="1" time="0.09" timestamp="2012-02-18T15:12:31">
      <properties />

      <testcase classname="projectg.QuoteServiceTests" name="testSomething" time="0.085" />

      <system-out><![CDATA[--Output from testSomething--
]]></system-out>

      <system-err><![CDATA[--Output from testSomething--
]]></system-err>

  </testsuite>
  <testsuite errors="0" failures="0" hostname="hiro-kun" id="3" name="QuoteTests" package="projectg" tests="1" time="0.785" timestamp="2012-02-18T15:12:30">
      <properties />

      <testcase classname="projectg.QuoteTests" name="testSomething" time="0.693" />

      <system-out><![CDATA[--Output from testSomething--
]]></system-out>

      <system-err><![CDATA[--Output from testSomething--
]]></system-err>

  </testsuite>
</testsuites>
