<?xml version="1.0" encoding="UTF-8" ?>
<testsuite errors="0" failures="1" hostname="hiro-kun" name="projectg.QuoteTests" tests="1" time="0.787" timestamp="2012-02-18T07:52:37">
  <properties />
  <testcase classname="projectg.QuoteTests" name="testSomething" time="0.778">
    <failure message="java.lang.AssertionError: Implement me" type="junit.framework.AssertionFailedError">junit.framework.AssertionFailedError: java.lang.AssertionError: Implement me
	at projectg.QuoteTests.testSomething(QuoteTests.groovy:15)
</failure>
  </testcase>
  <system-out><![CDATA[--Output from testSomething--
]]></system-out>
  <system-err><![CDATA[--Output from testSomething--
]]></system-err>
</testsuite>
