<?xml version="1.0" encoding="UTF-8" ?>
<testsuites>
  <testsuite errors="0" failures="1" hostname="hiro-kun" id="0" name="QuoteControllerTests" package="projectg" tests="1" time="4.936" timestamp="2012-02-18T07:52:32">
      <properties />

      <testcase classname="projectg.QuoteControllerTests" name="testSomething" time="4.554">
          <failure message="java.lang.AssertionError: Implement me" type="junit.framework.AssertionFailedError">junit.framework.AssertionFailedError: java.lang.AssertionError: Implement me
	at projectg.QuoteControllerTests.testSomething(QuoteControllerTests.groovy:15)
</failure>

      </testcase>

      <system-out><![CDATA[--Output from testSomething--
]]></system-out>

      <system-err><![CDATA[--Output from testSomething--
]]></system-err>

  </testsuite>
  <testsuite errors="0" failures="1" hostname="hiro-kun" id="1" name="QuoteTests" package="projectg" tests="1" time="0.787" timestamp="2012-02-18T07:52:37">
      <properties />

      <testcase classname="projectg.QuoteTests" name="testSomething" time="0.778">
          <failure message="java.lang.AssertionError: Implement me" type="junit.framework.AssertionFailedError">junit.framework.AssertionFailedError: java.lang.AssertionError: Implement me
	at projectg.QuoteTests.testSomething(QuoteTests.groovy:15)
</failure>

      </testcase>

      <system-out><![CDATA[--Output from testSomething--
]]></system-out>

      <system-err><![CDATA[--Output from testSomething--
]]></system-err>

  </testsuite>
</testsuites>
