Testsuite: projectg.QuoteControllerTests
Tests run: 1, Failures: 1, Errors: 0, Time elapsed: 4.936 sec
------------- Standard Output ---------------
--Output from testSomething--
------------- ---------------- ---------------
------------- Standard Error -----------------
--Output from testSomething--
------------- ---------------- ---------------

Testcase: testSomething took 4.532 sec
	FAILED
java.lang.AssertionError: Implement me
junit.framework.AssertionFailedError: java.lang.AssertionError: Implement me
	at projectg.QuoteControllerTests.testSomething(QuoteControllerTests.groovy:15)

