Testsuite: projectg.QuoteTests
Tests run: 1, Failures: 1, Errors: 0, Time elapsed: 0.787 sec
------------- Standard Output ---------------
--Output from testSomething--
------------- ---------------- ---------------
------------- Standard Error -----------------
--Output from testSomething--
------------- ---------------- ---------------

Testcase: testSomething took 0.777 sec
	FAILED
java.lang.AssertionError: Implement me
junit.framework.AssertionFailedError: java.lang.AssertionError: Implement me
	at projectg.QuoteTests.testSomething(QuoteTests.groovy:15)

